[2023-04-25 08:21:21] [info] Start Program:
Path:"C:\Users\Andreea\Desktop\Inchiriere Filme\x64\Debug\Inchiriere Filme.exe"
Arguments:
Working directory: "C:\Users\Andreea\Desktop\Inchiriere Filme\Inchiriere Filme"
Modules: Selected: C:\Users\Andreea\Desktop\Inchiriere Filme\x64\Debug\Inchiriere Filme.exe Excluded: 
Sources: Selected: C:\Users\Andreea\Desktop\Inchiriere Filme\Inchiriere Filme Excluded: Consola.cpp 
Log Level: Normal
Cover Children: 0
Aggregate by file: 1
Continue after C++ exception: 0
Optimized build support: 0
Export: Binary C:\Users\Andreea\AppData\Local\Temp\pdwcszhu.zui 
Input coverage: 
Unified diff: 
Excluded line regular expressions: 
Substitute pdb source paths: 

[2023-04-25 08:21:21] [info] Module: C:\Users\Andreea\Desktop\Inchiriere Filme\x64\Debug\Inchiriere Filme.exe is selected because it matches selected pattern: C:\Users\Andreea\Desktop\Inchiriere Filme\x64\Debug\Inchiriere Filme.exe
[2023-04-25 08:21:21] [info] ----------------------------------------------------
[2023-04-25 08:21:21] [info] Coverage binary generated in file: C:\Users\Andreea\AppData\Local\Temp\pdwcszhu.zui
[2023-04-25 08:21:21] [info] ----------------------------------------------------
